Training final deployable model with tuned params:
  d_model: 128
  n_heads: 8
  lstm_layers: 3
  dropout: 0.20794436172851677
  lookback_len: 24
  learning_rate: 0.0017982094450136338
  weight_decay: 0.00257913314066865
  batch_size: 16
  warmup_epochs: 5

Device: mps
Loaded: 811 weeks, 12 variates, 10 features, 11 sectors
Sectors: ['XLB', 'XLC', 'XLE', 'XLF', 'XLI', 'XLK', 'XLP', 'XLRE', 'XLU', 'XLV', 'XLY']

Train: 567 weeks (2018-06-25 00:00:00 to 2023-11-27 00:00:00)
Val:   121 weeks (2023-12-01 00:00:00 to 2025-01-24 00:00:00)
Test:  123 weeks (2025-01-27 00:00:00 to 2026-03-30 00:00:00)
Applied z-score normalization
Samples — Train: 543  Val: 97  Test: 99
Model parameters: 900,979

======================================================================
Training for 100 epochs | Variates: 12 | Sectors: 11
Lookback: 24 weeks | d_model: 128 | lstm_layers: 3
======================================================================

Epoch   1 | Train: 0.373556 | Val: 0.020832 | RankCorr: -0.0503 | Top3Acc: 0.2543
Epoch   5 | Train: 0.004016 | Val: 0.002150 | RankCorr: 0.0397 | Top3Acc: 0.1959
Epoch  10 | Train: 0.001946 | Val: 0.000565 | RankCorr: 0.0321 | Top3Acc: 0.2612
Epoch  15 | Train: 0.001216 | Val: 0.000637 | RankCorr: 0.0735 | Top3Acc: 0.3196
Epoch  20 | Train: 0.001078 | Val: 0.000703 | RankCorr: 0.0323 | Top3Acc: 0.3471
Epoch  25 | Train: 0.000910 | Val: 0.000432 | RankCorr: 0.1160 | Top3Acc: 0.2440
Epoch  30 | Train: 0.000650 | Val: 0.000395 | RankCorr: 0.0966 | Top3Acc: 0.2955

Early stopping at epoch 33

Best val_loss=0.000383 at epoch 18

Test Results:
  Loss:      0.000372
  RankCorr:  0.0116
  Top3Acc:   0.3030
Results saved to results/
