Applied tuned params:
  d_model: 128
  n_heads: 8
  lstm_layers: 3
  dropout: 0.20794436172851677
  lookback_len: 24
  learning_rate: 0.0017982094450136338
  weight_decay: 0.00257913314066865
  batch_size: 16
  warmup_epochs: 5

Device: mps
Dataset: 811 weeks, 12 variates, 10 features, 11 sectors
Walk-forward: 400w train, 52w val, 26w test
Seeds per fold: 1
Total folds: 13

============================================================
FOLD 1/13  Train: 2018-06-25 00:00:00–2022-04-22 00:00:00  Test: 2022-10-24 00:00:00–2023-01-20 00:00:00
Model parameters: 900,979
  Fold 1: Sharpe=5.62 RankCorr=0.0273 WinRate=50% (12s)

============================================================
FOLD 2/13  Train: 2018-09-24 00:00:00–2022-07-22 00:00:00  Test: 2023-01-23 00:00:00–2023-04-21 00:00:00
Model parameters: 900,979
  Fold 2: Sharpe=-1.83 RankCorr=-0.0055 WinRate=50% (9s)

============================================================
FOLD 3/13  Train: 2018-12-24 00:00:00–2022-10-21 00:00:00  Test: 2023-04-24 00:00:00–2023-07-21 00:00:00
Model parameters: 900,979
  Fold 3: Sharpe=-11.15 RankCorr=-0.4244 WinRate=0% (8s)

============================================================
FOLD 4/13  Train: 2019-03-25 00:00:00–2023-01-20 00:00:00  Test: 2023-07-24 00:00:00–2023-10-20 00:00:00
Model parameters: 900,979
  Fold 4: Sharpe=-7.21 RankCorr=-0.2321 WinRate=0% (10s)

============================================================
FOLD 5/13  Train: 2019-06-24 00:00:00–2023-04-21 00:00:00  Test: 2023-10-23 00:00:00–2024-01-19 00:00:00
Model parameters: 900,979
  Fold 5: Sharpe=13.55 RankCorr=0.0572 WinRate=100% (6s)

============================================================
FOLD 6/13  Train: 2019-09-23 00:00:00–2023-07-21 00:00:00  Test: 2024-01-22 00:00:00–2024-04-19 00:00:00
Model parameters: 900,979
  Fold 6: Sharpe=4.44 RankCorr=0.3265 WinRate=50% (14s)

============================================================
FOLD 7/13  Train: 2019-12-23 00:00:00–2023-10-20 00:00:00  Test: 2024-04-22 00:00:00–2024-07-19 00:00:00
Model parameters: 900,979
  Fold 7: Sharpe=12.78 RankCorr=0.2975 WinRate=100% (6s)

============================================================
FOLD 8/13  Train: 2020-03-23 00:00:00–2024-01-19 00:00:00  Test: 2024-07-22 00:00:00–2024-10-18 00:00:00
Model parameters: 900,979
  Fold 8: Sharpe=7.85 RankCorr=0.1908 WinRate=100% (7s)

============================================================
FOLD 9/13  Train: 2020-06-22 00:00:00–2024-04-19 00:00:00  Test: 2024-10-21 00:00:00–2025-01-17 00:00:00
Model parameters: 900,979
  Fold 9: Sharpe=15.98 RankCorr=0.3185 WinRate=100% (20s)

============================================================
FOLD 10/13  Train: 2020-09-21 00:00:00–2024-07-19 00:00:00  Test: 2025-01-20 00:00:00–2025-04-18 00:00:00
Model parameters: 900,979
  Fold 10: Sharpe=-1.50 RankCorr=0.0757 WinRate=50% (19s)

============================================================
FOLD 11/13  Train: 2020-12-21 00:00:00–2024-10-18 00:00:00  Test: 2025-04-21 00:00:00–2025-07-18 00:00:00
Model parameters: 900,979
  Fold 11: Sharpe=7.21 RankCorr=0.1242 WinRate=50% (11s)

============================================================
FOLD 12/13  Train: 2021-03-22 00:00:00–2025-01-17 00:00:00  Test: 2025-07-21 00:00:00–2025-10-17 00:00:00
Model parameters: 900,979
  Fold 12: Sharpe=-2.84 RankCorr=-0.1626 WinRate=50% (19s)

============================================================
FOLD 13/13  Train: 2021-06-21 00:00:00–2025-04-18 00:00:00  Test: 2025-10-20 00:00:00–2026-01-16 00:00:00
Model parameters: 900,979
  Fold 13: Sharpe=45.55 RankCorr=0.6113 WinRate=100% (14s)

============================================================
WALK-FORWARD RESULTS (13 folds, 26 test weeks)
============================================================
Sharpe:     2.07
Win rate:   62%
Total return: 8.8%

Per-fold:
  Fold  1: Sharpe=+5.62  RankCorr=0.027  WinRate=50%  (2022-10-24 00:00:00 to 2023-01-20 00:00:00)
  Fold  2: Sharpe=-1.83  RankCorr=-0.006  WinRate=50%  (2023-01-23 00:00:00 to 2023-04-21 00:00:00)
  Fold  3: Sharpe=-11.15  RankCorr=-0.424  WinRate=0%  (2023-04-24 00:00:00 to 2023-07-21 00:00:00)
  Fold  4: Sharpe=-7.21  RankCorr=-0.232  WinRate=0%  (2023-07-24 00:00:00 to 2023-10-20 00:00:00)
  Fold  5: Sharpe=+13.55  RankCorr=0.057  WinRate=100%  (2023-10-23 00:00:00 to 2024-01-19 00:00:00)
  Fold  6: Sharpe=+4.44  RankCorr=0.326  WinRate=50%  (2024-01-22 00:00:00 to 2024-04-19 00:00:00)
  Fold  7: Sharpe=+12.78  RankCorr=0.297  WinRate=100%  (2024-04-22 00:00:00 to 2024-07-19 00:00:00)
  Fold  8: Sharpe=+7.85  RankCorr=0.191  WinRate=100%  (2024-07-22 00:00:00 to 2024-10-18 00:00:00)
  Fold  9: Sharpe=+15.98  RankCorr=0.319  WinRate=100%  (2024-10-21 00:00:00 to 2025-01-17 00:00:00)
  Fold 10: Sharpe=-1.50  RankCorr=0.076  WinRate=50%  (2025-01-20 00:00:00 to 2025-04-18 00:00:00)
  Fold 11: Sharpe=+7.21  RankCorr=0.124  WinRate=50%  (2025-04-21 00:00:00 to 2025-07-18 00:00:00)
  Fold 12: Sharpe=-2.84  RankCorr=-0.163  WinRate=50%  (2025-07-21 00:00:00 to 2025-10-17 00:00:00)
  Fold 13: Sharpe=+45.55  RankCorr=0.611  WinRate=100%  (2025-10-20 00:00:00 to 2026-01-16 00:00:00)
Saved walk_forward_results.png and cumulative_returns.png

Results saved to results/
